\BOOKMARK [1][-]{section.1}{Abstract}{}% 1
\BOOKMARK [1][-]{section.2}{Introduction - Tobias}{}% 2
\BOOKMARK [2][-]{subsection.2.1}{Research Question}{section.2}% 3
\BOOKMARK [1][-]{section.3}{Methodology}{}% 4
\BOOKMARK [2][-]{subsection.3.1}{Research design}{section.3}% 5
\BOOKMARK [3][-]{subsubsection.3.1.1}{Population - Tobias}{subsection.3.1}% 6
\BOOKMARK [3][-]{subsubsection.3.1.2}{Sampling size - Tobias}{subsection.3.1}% 7
\BOOKMARK [3][-]{subsubsection.3.1.3}{Designing the experiment - Peter}{subsection.3.1}% 8
\BOOKMARK [3][-]{subsubsection.3.1.4}{Data collection plan - Tobias}{subsection.3.1}% 9
\BOOKMARK [3][-]{subsubsection.3.1.5}{Statistical Indicators - Tobias}{subsection.3.1}% 10
\BOOKMARK [3][-]{subsubsection.3.1.6}{Data Quality Assurance - Tobias}{subsection.3.1}% 11
\BOOKMARK [3][-]{subsubsection.3.1.7}{Ethical considerations - Peter}{subsection.3.1}% 12
\BOOKMARK [3][-]{subsubsection.3.1.8}{Legal considerations - Peter}{subsection.3.1}% 13
\BOOKMARK [3][-]{subsubsection.3.1.9}{Analysis plan}{subsection.3.1}% 14
\BOOKMARK [1][-]{section.4}{Analysis}{}% 15
\BOOKMARK [2][-]{subsection.4.1}{Pilot}{section.4}% 16
\BOOKMARK [2][-]{subsection.4.2}{Absolute and Relative Frequencies}{section.4}% 17
\BOOKMARK [2][-]{subsection.4.3}{\(Co-\)variances}{section.4}% 18
\BOOKMARK [2][-]{subsection.4.4}{Independence}{section.4}% 19
\BOOKMARK [1][-]{section.5}{Conclusion}{}% 20
